<?xml version="1.0" encoding="UTF-8"?>
<!-- Generated by org.testng.reporters.JUnitReportReporter -->
<testsuite hostname="apmosyslt0485" failures="0" tests="1" name="testCases.TC001_AccountRegistrationTest" time="2.363" errors="0" timestamp="2024-12-11T16:18:17 IST" skipped="0">
  <testcase classname="testCases.TC001_AccountRegistrationTest" name="verify_account_registration" time="2.363"/>
</testsuite> <!-- testCases.TC001_AccountRegistrationTest -->
