<?xml version="1.0" encoding="UTF-8"?>
<!-- Generated by org.testng.reporters.JUnitReportReporter -->
<testsuite hostname="apmosyslt0485" failures="0" tests="1" name="testCases.TC002_LoginTest" time="1.635" errors="0" timestamp="2024-12-11T16:18:17 IST" skipped="0">
  <testcase classname="testCases.TC002_LoginTest" name="verify_login" time="1.635"/>
</testsuite> <!-- testCases.TC002_LoginTest -->
